2023-08-31 16:10:41.664901: I tensorflow/core/platform/cpu_feature_guard.cc:182] This TensorFlow binary is optimized to use available CPU instructions in performance-critical operations.
To enable the following instructions: AVX2 FMA, in other operations, rebuild TensorFlow with the appropriate compiler flags.
2023-08-31 16:10:42.154413: W tensorflow/compiler/tf2tensorrt/utils/py_utils.cc:38] TF-TRT Warning: Could not find TensorRT
wandb: Currently logged in as: pappol. Use `wandb login --relogin` to force relogin
cat: /sys/module/amdgpu/initstate: File o directory non esistente
ERROR:root:Driver not initialized (amdgpu not found in modules)
wandb: Tracking run with wandb version 0.15.9
wandb: Run data is saved locally in /home/pappol/Scrivania/uni/cv/low_power_segmentation/models/wandb/run-20230831_161044-kvd47lrh
wandb: Run `wandb offline` to turn off syncing.
wandb: Syncing run youthful-haze-1
wandb: ⭐️ View project at https://wandb.ai/pappol/low_power_segmentation2
wandb: 🚀 View run at https://wandb.ai/pappol/low_power_segmentation2/runs/kvd47lrh
Some weights of Mobile_segment were not initialized from the model checkpoint at google/deeplabv3_mobilenet_v2_1.0_513 and are newly initialized: ['segmentation_head.0.weight', 'segmentation_head.0.bias']
You should probably TRAIN this model on a down-stream task to be able to use it for predictions and inference.
                              
{'loss': 1.9984, 'learning_rate': 4.990234375e-05, 'epoch': 1.95}
{'loss': 1.4971, 'learning_rate': 4.9804687500000004e-05, 'epoch': 3.91}
{'loss': 1.2769, 'learning_rate': 4.970703125e-05, 'epoch': 5.86}
{'loss': 1.1748, 'learning_rate': 4.9609375000000005e-05, 'epoch': 7.81}
{'loss': 1.0675, 'learning_rate': 4.951171875e-05, 'epoch': 9.77}
{'loss': 0.9638, 'learning_rate': 4.94140625e-05, 'epoch': 11.72}
{'loss': 0.8999, 'learning_rate': 4.931640625e-05, 'epoch': 13.67}
{'loss': 0.8622, 'learning_rate': 4.921875e-05, 'epoch': 15.62}
{'loss': 0.8064, 'learning_rate': 4.9121093750000004e-05, 'epoch': 17.58}
{'loss': 0.7548, 'learning_rate': 4.90234375e-05, 'epoch': 19.53}
{'loss': 0.7089, 'learning_rate': 4.8925781250000006e-05, 'epoch': 21.48}
{'loss': 0.701, 'learning_rate': 4.8828125e-05, 'epoch': 23.44}
{'loss': 0.6604, 'learning_rate': 4.873046875e-05, 'epoch': 25.39}
{'loss': 0.6408, 'learning_rate': 4.8632812500000004e-05, 'epoch': 27.34}
{'loss': 0.6085, 'learning_rate': 4.853515625e-05, 'epoch': 29.3}
{'loss': 0.5948, 'learning_rate': 4.8437500000000005e-05, 'epoch': 31.25}
{'loss': 0.5705, 'learning_rate': 4.833984375e-05, 'epoch': 33.2}
{'loss': 0.554, 'learning_rate': 4.82421875e-05, 'epoch': 35.16}
{'loss': 0.5286, 'learning_rate': 4.8144531250000003e-05, 'epoch': 37.11}
{'loss': 0.5272, 'learning_rate': 4.8046875e-05, 'epoch': 39.06}
{'loss': 0.4943, 'learning_rate': 4.7949218750000005e-05, 'epoch': 41.02}
{'loss': 0.483, 'learning_rate': 4.78515625e-05, 'epoch': 42.97}
{'loss': 0.4679, 'learning_rate': 4.775390625e-05, 'epoch': 44.92}
{'loss': 0.4639, 'learning_rate': 4.765625e-05, 'epoch': 46.88}
{'loss': 0.436, 'learning_rate': 4.755859375e-05, 'epoch': 48.83}
{'loss': 0.4182, 'learning_rate': 4.7460937500000004e-05, 'epoch': 50.78}
{'loss': 0.4187, 'learning_rate': 4.736328125e-05, 'epoch': 52.73}
{'loss': 0.4049, 'learning_rate': 4.7265625000000005e-05, 'epoch': 54.69}
{'loss': 0.3947, 'learning_rate': 4.716796875e-05, 'epoch': 56.64}
{'loss': 0.3823, 'learning_rate': 4.70703125e-05, 'epoch': 58.59}
{'loss': 0.3875, 'learning_rate': 4.6972656250000004e-05, 'epoch': 60.55}
{'loss': 0.3767, 'learning_rate': 4.6875e-05, 'epoch': 62.5}
{'loss': 0.3654, 'learning_rate': 4.6777343750000005e-05, 'epoch': 64.45}
{'loss': 0.3587, 'learning_rate': 4.66796875e-05, 'epoch': 66.41}
{'loss': 0.3589, 'learning_rate': 4.658203125e-05, 'epoch': 68.36}
{'loss': 0.3456, 'learning_rate': 4.6484375e-05, 'epoch': 70.31}
{'loss': 0.3375, 'learning_rate': 4.638671875e-05, 'epoch': 72.27}
{'loss': 0.3308, 'learning_rate': 4.6289062500000005e-05, 'epoch': 74.22}
{'loss': 0.3333, 'learning_rate': 4.619140625e-05, 'epoch': 76.17}
{'loss': 0.3155, 'learning_rate': 4.609375e-05, 'epoch': 78.12}
{'loss': 0.3231, 'learning_rate': 4.599609375e-05, 'epoch': 80.08}
{'loss': 0.309, 'learning_rate': 4.58984375e-05, 'epoch': 82.03}
{'loss': 0.292, 'learning_rate': 4.5800781250000004e-05, 'epoch': 83.98}
{'loss': 0.2972, 'learning_rate': 4.5703125e-05, 'epoch': 85.94}
{'loss': 0.2943, 'learning_rate': 4.5605468750000005e-05, 'epoch': 87.89}
{'loss': 0.2973, 'learning_rate': 4.55078125e-05, 'epoch': 89.84}
{'loss': 0.2869, 'learning_rate': 4.541015625e-05, 'epoch': 91.8}
{'loss': 0.2987, 'learning_rate': 4.5312500000000004e-05, 'epoch': 93.75}
{'loss': 0.2804, 'learning_rate': 4.521484375e-05, 'epoch': 95.7}
{'loss': 0.2711, 'learning_rate': 4.5117187500000005e-05, 'epoch': 97.66}
{'loss': 0.2817, 'learning_rate': 4.501953125e-05, 'epoch': 99.61}
{'loss': 0.2735, 'learning_rate': 4.4921875e-05, 'epoch': 101.56}
{'loss': 0.2798, 'learning_rate': 4.482421875e-05, 'epoch': 103.52}
{'loss': 0.2698, 'learning_rate': 4.47265625e-05, 'epoch': 105.47}
{'loss': 0.2516, 'learning_rate': 4.4628906250000004e-05, 'epoch': 107.42}
{'loss': 0.2566, 'learning_rate': 4.453125e-05, 'epoch': 109.38}
{'loss': 0.2601, 'learning_rate': 4.443359375e-05, 'epoch': 111.33}
{'loss': 0.254, 'learning_rate': 4.43359375e-05, 'epoch': 113.28}
{'loss': 0.2496, 'learning_rate': 4.423828125e-05, 'epoch': 115.23}
{'loss': 0.2424, 'learning_rate': 4.4140625000000004e-05, 'epoch': 117.19}
{'loss': 0.2432, 'learning_rate': 4.404296875e-05, 'epoch': 119.14}
{'loss': 0.2388, 'learning_rate': 4.3945312500000005e-05, 'epoch': 121.09}
{'loss': 0.238, 'learning_rate': 4.384765625e-05, 'epoch': 123.05}
{'loss': 0.2334, 'learning_rate': 4.375e-05, 'epoch': 125.0}
{'loss': 0.232, 'learning_rate': 4.3652343750000004e-05, 'epoch': 126.95}
{'loss': 0.2328, 'learning_rate': 4.35546875e-05, 'epoch': 128.91}
{'loss': 0.2329, 'learning_rate': 4.3457031250000005e-05, 'epoch': 130.86}
{'loss': 0.2248, 'learning_rate': 4.3359375e-05, 'epoch': 132.81}
{'loss': 0.2313, 'learning_rate': 4.326171875e-05, 'epoch': 134.77}
{'loss': 0.2207, 'learning_rate': 4.31640625e-05, 'epoch': 136.72}
{'loss': 0.2255, 'learning_rate': 4.306640625e-05, 'epoch': 138.67}
{'loss': 0.2159, 'learning_rate': 4.2968750000000004e-05, 'epoch': 140.62}
{'loss': 0.2122, 'learning_rate': 4.287109375e-05, 'epoch': 142.58}
{'loss': 0.2307, 'learning_rate': 4.27734375e-05, 'epoch': 144.53}
{'loss': 0.2112, 'learning_rate': 4.267578125e-05, 'epoch': 146.48}
{'loss': 0.2122, 'learning_rate': 4.2578125e-05, 'epoch': 148.44}
{'loss': 0.2113, 'learning_rate': 4.2480468750000004e-05, 'epoch': 150.39}
{'loss': 0.2126, 'learning_rate': 4.23828125e-05, 'epoch': 152.34}
{'loss': 0.2101, 'learning_rate': 4.2285156250000005e-05, 'epoch': 154.3}
{'loss': 0.1973, 'learning_rate': 4.21875e-05, 'epoch': 156.25}
{'loss': 0.2094, 'learning_rate': 4.208984375e-05, 'epoch': 158.2}
{'loss': 0.2042, 'learning_rate': 4.1992187500000003e-05, 'epoch': 160.16}
{'loss': 0.2062, 'learning_rate': 4.189453125e-05, 'epoch': 162.11}
{'loss': 0.2117, 'learning_rate': 4.1796875000000005e-05, 'epoch': 164.06}
{'loss': 0.1997, 'learning_rate': 4.169921875e-05, 'epoch': 166.02}
{'loss': 0.2029, 'learning_rate': 4.16015625e-05, 'epoch': 167.97}
{'loss': 0.1999, 'learning_rate': 4.150390625e-05, 'epoch': 169.92}
{'loss': 0.1952, 'learning_rate': 4.140625e-05, 'epoch': 171.88}
{'loss': 0.2028, 'learning_rate': 4.1308593750000004e-05, 'epoch': 173.83}
{'loss': 0.1991, 'learning_rate': 4.12109375e-05, 'epoch': 175.78}
{'loss': 0.1959, 'learning_rate': 4.1113281250000005e-05, 'epoch': 177.73}
{'loss': 0.1883, 'learning_rate': 4.1015625e-05, 'epoch': 179.69}
{'loss': 0.1929, 'learning_rate': 4.091796875e-05, 'epoch': 181.64}
{'loss': 0.2003, 'learning_rate': 4.0820312500000004e-05, 'epoch': 183.59}
{'loss': 0.1875, 'learning_rate': 4.072265625e-05, 'epoch': 185.55}
{'loss': 0.1797, 'learning_rate': 4.0625000000000005e-05, 'epoch': 187.5}
{'loss': 0.1833, 'learning_rate': 4.052734375e-05, 'epoch': 189.45}
{'loss': 0.1793, 'learning_rate': 4.04296875e-05, 'epoch': 191.41}
{'loss': 0.1928, 'learning_rate': 4.033203125e-05, 'epoch': 193.36}
{'loss': 0.1825, 'learning_rate': 4.0234375e-05, 'epoch': 195.31}
{'loss': 0.1794, 'learning_rate': 4.0136718750000004e-05, 'epoch': 197.27}
{'loss': 0.1856, 'learning_rate': 4.00390625e-05, 'epoch': 199.22}
{'loss': 0.1912, 'learning_rate': 3.994140625e-05, 'epoch': 201.17}
{'loss': 0.1773, 'learning_rate': 3.984375e-05, 'epoch': 203.12}
{'loss': 0.1771, 'learning_rate': 3.974609375e-05, 'epoch': 205.08}
{'loss': 0.1804, 'learning_rate': 3.9648437500000004e-05, 'epoch': 207.03}
{'loss': 0.1814, 'learning_rate': 3.955078125e-05, 'epoch': 208.98}
{'loss': 0.1842, 'learning_rate': 3.9453125000000005e-05, 'epoch': 210.94}
{'loss': 0.1679, 'learning_rate': 3.935546875e-05, 'epoch': 212.89}
{'loss': 0.1745, 'learning_rate': 3.92578125e-05, 'epoch': 214.84}
{'loss': 0.1688, 'learning_rate': 3.9160156250000004e-05, 'epoch': 216.8}
{'loss': 0.1731, 'learning_rate': 3.90625e-05, 'epoch': 218.75}
{'loss': 0.1738, 'learning_rate': 3.8964843750000005e-05, 'epoch': 220.7}
{'loss': 0.171, 'learning_rate': 3.88671875e-05, 'epoch': 222.66}
{'loss': 0.1723, 'learning_rate': 3.876953125e-05, 'epoch': 224.61}
{'loss': 0.1664, 'learning_rate': 3.8671875e-05, 'epoch': 226.56}
{'loss': 0.1718, 'learning_rate': 3.857421875e-05, 'epoch': 228.52}
{'loss': 0.1646, 'learning_rate': 3.8476562500000004e-05, 'epoch': 230.47}                     
{'loss': 0.1673, 'learning_rate': 3.837890625e-05, 'epoch': 232.42}
{'loss': 0.1657, 'learning_rate': 3.828125e-05, 'epoch': 234.38}
{'loss': 0.1647, 'learning_rate': 3.818359375e-05, 'epoch': 236.33}
{'loss': 0.1666, 'learning_rate': 3.80859375e-05, 'epoch': 238.28}
{'loss': 0.1592, 'learning_rate': 3.7988281250000004e-05, 'epoch': 240.23}
{'loss': 0.1635, 'learning_rate': 3.7890625e-05, 'epoch': 242.19}
{'loss': 0.1672, 'learning_rate': 3.7792968750000005e-05, 'epoch': 244.14}
{'loss': 0.1671, 'learning_rate': 3.76953125e-05, 'epoch': 246.09}
{'loss': 0.1564, 'learning_rate': 3.759765625e-05, 'epoch': 248.05}
{'loss': 0.1573, 'learning_rate': 3.7500000000000003e-05, 'epoch': 250.0}
{'loss': 0.1666, 'learning_rate': 3.740234375e-05, 'epoch': 251.95}
{'loss': 0.1584, 'learning_rate': 3.7304687500000005e-05, 'epoch': 253.91}
{'loss': 0.1628, 'learning_rate': 3.720703125e-05, 'epoch': 255.86}
{'loss': 0.1593, 'learning_rate': 3.7109375e-05, 'epoch': 257.81}
{'loss': 0.1542, 'learning_rate': 3.701171875e-05, 'epoch': 259.77}
{'loss': 0.1605, 'learning_rate': 3.69140625e-05, 'epoch': 261.72}
{'loss': 0.1693, 'learning_rate': 3.6816406250000004e-05, 'epoch': 263.67}
{'loss': 0.1533, 'learning_rate': 3.671875e-05, 'epoch': 265.62}
{'loss': 0.1539, 'learning_rate': 3.662109375e-05, 'epoch': 267.58}
{'loss': 0.155, 'learning_rate': 3.65234375e-05, 'epoch': 269.53}
{'loss': 0.1556, 'learning_rate': 3.642578125e-05, 'epoch': 271.48}
{'loss': 0.1529, 'learning_rate': 3.6328125000000004e-05, 'epoch': 273.44}
{'loss': 0.1497, 'learning_rate': 3.623046875e-05, 'epoch': 275.39}
{'loss': 0.1611, 'learning_rate': 3.6132812500000005e-05, 'epoch': 277.34}
{'loss': 0.1606, 'learning_rate': 3.603515625e-05, 'epoch': 279.3}
{'loss': 0.1521, 'learning_rate': 3.59375e-05, 'epoch': 281.25}
{'loss': 0.1514, 'learning_rate': 3.583984375e-05, 'epoch': 283.2}
{'loss': 0.1458, 'learning_rate': 3.57421875e-05, 'epoch': 285.16}
{'loss': 0.148, 'learning_rate': 3.5644531250000005e-05, 'epoch': 287.11}
{'loss': 0.153, 'learning_rate': 3.5546875e-05, 'epoch': 289.06}
{'loss': 0.146, 'learning_rate': 3.544921875e-05, 'epoch': 291.02}
{'loss': 0.1493, 'learning_rate': 3.53515625e-05, 'epoch': 292.97}
{'loss': 0.1621, 'learning_rate': 3.525390625e-05, 'epoch': 294.92}
{'loss': 0.1487, 'learning_rate': 3.5156250000000004e-05, 'epoch': 296.88}
{'loss': 0.1549, 'learning_rate': 3.505859375e-05, 'epoch': 298.83}
{'loss': 0.151, 'learning_rate': 3.49609375e-05, 'epoch': 300.78}
{'loss': 0.1486, 'learning_rate': 3.486328125e-05, 'epoch': 302.73}
{'loss': 0.1519, 'learning_rate': 3.4765625e-05, 'epoch': 304.69}
{'loss': 0.1536, 'learning_rate': 3.4667968750000004e-05, 'epoch': 306.64}
{'loss': 0.1466, 'learning_rate': 3.45703125e-05, 'epoch': 308.59}
{'loss': 0.153, 'learning_rate': 3.4472656250000005e-05, 'epoch': 310.55}
{'loss': 0.1506, 'learning_rate': 3.4375e-05, 'epoch': 312.5}
{'loss': 0.15, 'learning_rate': 3.427734375e-05, 'epoch': 314.45}
{'loss': 0.1426, 'learning_rate': 3.41796875e-05, 'epoch': 316.41}
{'loss': 0.143, 'learning_rate': 3.408203125e-05, 'epoch': 318.36}
{'loss': 0.1448, 'learning_rate': 3.3984375000000004e-05, 'epoch': 320.31}
{'loss': 0.1541, 'learning_rate': 3.388671875e-05, 'epoch': 322.27}
{'loss': 0.15, 'learning_rate': 3.37890625e-05, 'epoch': 324.22}
{'loss': 0.1438, 'learning_rate': 3.369140625e-05, 'epoch': 326.17}
{'loss': 0.1417, 'learning_rate': 3.359375e-05, 'epoch': 328.12}
{'loss': 0.1404, 'learning_rate': 3.3496093750000004e-05, 'epoch': 330.08}
{'loss': 0.1432, 'learning_rate': 3.33984375e-05, 'epoch': 332.03}
{'loss': 0.1395, 'learning_rate': 3.330078125e-05, 'epoch': 333.98}
{'loss': 0.1341, 'learning_rate': 3.3203125e-05, 'epoch': 335.94}
{'loss': 0.1348, 'learning_rate': 3.310546875e-05, 'epoch': 337.89}
{'loss': 0.1436, 'learning_rate': 3.3007812500000004e-05, 'epoch': 339.84}
{'loss': 0.1426, 'learning_rate': 3.291015625e-05, 'epoch': 341.8}
{'loss': 0.1357, 'learning_rate': 3.2812500000000005e-05, 'epoch': 343.75}
{'loss': 0.1412, 'learning_rate': 3.271484375e-05, 'epoch': 345.7}
{'loss': 0.136, 'learning_rate': 3.26171875e-05, 'epoch': 347.66}
{'loss': 0.1318, 'learning_rate': 3.251953125e-05, 'epoch': 349.61}
{'loss': 0.1467, 'learning_rate': 3.2421875e-05, 'epoch': 351.56}
{'loss': 0.1344, 'learning_rate': 3.2324218750000004e-05, 'epoch': 353.52}
{'loss': 0.1358, 'learning_rate': 3.22265625e-05, 'epoch': 355.47}
{'loss': 0.132, 'learning_rate': 3.212890625e-05, 'epoch': 357.42}
{'loss': 0.1413, 'learning_rate': 3.203125e-05, 'epoch': 359.38}
{'loss': 0.1314, 'learning_rate': 3.193359375e-05, 'epoch': 361.33}
{'loss': 0.1309, 'learning_rate': 3.1835937500000004e-05, 'epoch': 363.28}
{'loss': 0.1407, 'learning_rate': 3.173828125e-05, 'epoch': 365.23}
{'loss': 0.1367, 'learning_rate': 3.1640625e-05, 'epoch': 367.19}
{'loss': 0.1356, 'learning_rate': 3.154296875e-05, 'epoch': 369.14}
{'loss': 0.151, 'learning_rate': 3.14453125e-05, 'epoch': 371.09}
{'loss': 0.1317, 'learning_rate': 3.1347656250000003e-05, 'epoch': 373.05}
{'loss': 0.1518, 'learning_rate': 3.125e-05, 'epoch': 375.0}
{'loss': 0.1295, 'learning_rate': 3.1152343750000005e-05, 'epoch': 376.95}
{'loss': 0.1306, 'learning_rate': 3.10546875e-05, 'epoch': 378.91}
{'loss': 0.1286, 'learning_rate': 3.095703125e-05, 'epoch': 380.86}
{'loss': 0.1333, 'learning_rate': 3.0859375e-05, 'epoch': 382.81}
{'loss': 0.1319, 'learning_rate': 3.076171875e-05, 'epoch': 384.77}
{'loss': 0.1394, 'learning_rate': 3.0664062500000004e-05, 'epoch': 386.72}
{'loss': 0.126, 'learning_rate': 3.056640625e-05, 'epoch': 388.67}
{'loss': 0.1247, 'learning_rate': 3.0468750000000002e-05, 'epoch': 390.62}
{'loss': 0.1266, 'learning_rate': 3.0371093750000003e-05, 'epoch': 392.58}
{'loss': 0.1319, 'learning_rate': 3.02734375e-05, 'epoch': 394.53}
{'loss': 0.1285, 'learning_rate': 3.017578125e-05, 'epoch': 396.48}
{'loss': 0.1251, 'learning_rate': 3.0078125e-05, 'epoch': 398.44}
{'loss': 0.1278, 'learning_rate': 2.998046875e-05, 'epoch': 400.39}
{'loss': 0.1234, 'learning_rate': 2.9882812500000002e-05, 'epoch': 402.34}
{'loss': 0.1279, 'learning_rate': 2.9785156250000003e-05, 'epoch': 404.3}
{'loss': 0.1249, 'learning_rate': 2.96875e-05, 'epoch': 406.25}
{'loss': 0.1286, 'learning_rate': 2.958984375e-05, 'epoch': 408.2}
{'loss': 0.132, 'learning_rate': 2.94921875e-05, 'epoch': 410.16}
{'loss': 0.1319, 'learning_rate': 2.9394531250000002e-05, 'epoch': 412.11}
{'loss': 0.1235, 'learning_rate': 2.9296875000000002e-05, 'epoch': 414.06}
{'loss': 0.1238, 'learning_rate': 2.9199218750000003e-05, 'epoch': 416.02}
{'loss': 0.1421, 'learning_rate': 2.91015625e-05, 'epoch': 417.97}
{'loss': 0.1353, 'learning_rate': 2.900390625e-05, 'epoch': 419.92}
{'loss': 0.1229, 'learning_rate': 2.890625e-05, 'epoch': 421.88}
{'loss': 0.125, 'learning_rate': 2.8808593750000002e-05, 'epoch': 423.83}
{'loss': 0.131, 'learning_rate': 2.8710937500000002e-05, 'epoch': 425.78}
{'loss': 0.1233, 'learning_rate': 2.8613281250000003e-05, 'epoch': 427.73}
{'loss': 0.1354, 'learning_rate': 2.8515625e-05, 'epoch': 429.69}
{'loss': 0.1272, 'learning_rate': 2.841796875e-05, 'epoch': 431.64}
{'loss': 0.119, 'learning_rate': 2.83203125e-05, 'epoch': 433.59}
{'loss': 0.122, 'learning_rate': 2.8222656250000002e-05, 'epoch': 435.55}
{'loss': 0.1212, 'learning_rate': 2.8125000000000003e-05, 'epoch': 437.5}
{'loss': 0.1255, 'learning_rate': 2.802734375e-05, 'epoch': 439.45}
{'loss': 0.1305, 'learning_rate': 2.79296875e-05, 'epoch': 441.41}
{'loss': 0.1187, 'learning_rate': 2.783203125e-05, 'epoch': 443.36}
{'loss': 0.1266, 'learning_rate': 2.7734375e-05, 'epoch': 445.31}
{'loss': 0.1398, 'learning_rate': 2.7636718750000002e-05, 'epoch': 447.27}
{'loss': 0.12, 'learning_rate': 2.7539062500000003e-05, 'epoch': 449.22}
{'loss': 0.1181, 'learning_rate': 2.744140625e-05, 'epoch': 451.17}
{'loss': 0.1204, 'learning_rate': 2.734375e-05, 'epoch': 453.12}
{'loss': 0.1235, 'learning_rate': 2.724609375e-05, 'epoch': 455.08}
{'loss': 0.1193, 'learning_rate': 2.7148437500000002e-05, 'epoch': 457.03}
{'loss': 0.1184, 'learning_rate': 2.7050781250000002e-05, 'epoch': 458.98}
{'loss': 0.1212, 'learning_rate': 2.6953125000000003e-05, 'epoch': 460.94}
{'loss': 0.1222, 'learning_rate': 2.685546875e-05, 'epoch': 462.89}
{'loss': 0.1294, 'learning_rate': 2.67578125e-05, 'epoch': 464.84}
{'loss': 0.1361, 'learning_rate': 2.666015625e-05, 'epoch': 466.8}
{'loss': 0.1212, 'learning_rate': 2.6562500000000002e-05, 'epoch': 468.75}
{'loss': 0.1202, 'learning_rate': 2.6464843750000002e-05, 'epoch': 470.7}
{'loss': 0.1222, 'learning_rate': 2.63671875e-05, 'epoch': 472.66}
{'loss': 0.1195, 'learning_rate': 2.626953125e-05, 'epoch': 474.61}
{'loss': 0.1331, 'learning_rate': 2.6171875e-05, 'epoch': 476.56}
{'loss': 0.1148, 'learning_rate': 2.607421875e-05, 'epoch': 478.52}
{'loss': 0.1206, 'learning_rate': 2.5976562500000002e-05, 'epoch': 480.47}
{'loss': 0.123, 'learning_rate': 2.5878906250000003e-05, 'epoch': 482.42}
{'loss': 0.1187, 'learning_rate': 2.578125e-05, 'epoch': 484.38}
{'loss': 0.1197, 'learning_rate': 2.568359375e-05, 'epoch': 486.33}
{'loss': 0.1173, 'learning_rate': 2.55859375e-05, 'epoch': 488.28}
{'loss': 0.118, 'learning_rate': 2.548828125e-05, 'epoch': 490.23}
{'loss': 0.1218, 'learning_rate': 2.5390625000000002e-05, 'epoch': 492.19}
{'loss': 0.1138, 'learning_rate': 2.5292968750000003e-05, 'epoch': 494.14}
{'loss': 0.1145, 'learning_rate': 2.51953125e-05, 'epoch': 496.09}
{'loss': 0.1144, 'learning_rate': 2.509765625e-05, 'epoch': 498.05}
{'loss': 0.1243, 'learning_rate': 2.5e-05, 'epoch': 500.0}
{'loss': 0.1123, 'learning_rate': 2.4902343750000002e-05, 'epoch': 501.95}
{'loss': 0.123, 'learning_rate': 2.4804687500000002e-05, 'epoch': 503.91}
{'loss': 0.1152, 'learning_rate': 2.470703125e-05, 'epoch': 505.86}
{'loss': 0.1157, 'learning_rate': 2.4609375e-05, 'epoch': 507.81}
{'loss': 0.1175, 'learning_rate': 2.451171875e-05, 'epoch': 509.77}
{'loss': 0.1114, 'learning_rate': 2.44140625e-05, 'epoch': 511.72}
{'loss': 0.1229, 'learning_rate': 2.4316406250000002e-05, 'epoch': 513.67}
{'loss': 0.1293, 'learning_rate': 2.4218750000000003e-05, 'epoch': 515.62}
{'loss': 0.1266, 'learning_rate': 2.412109375e-05, 'epoch': 517.58}
{'loss': 0.1182, 'learning_rate': 2.40234375e-05, 'epoch': 519.53}
{'loss': 0.1121, 'learning_rate': 2.392578125e-05, 'epoch': 521.48}
{'loss': 0.1162, 'learning_rate': 2.3828125e-05, 'epoch': 523.44}
{'loss': 0.1156, 'learning_rate': 2.3730468750000002e-05, 'epoch': 525.39}
{'loss': 0.1143, 'learning_rate': 2.3632812500000003e-05, 'epoch': 527.34}
{'loss': 0.1149, 'learning_rate': 2.353515625e-05, 'epoch': 529.3}
{'loss': 0.1175, 'learning_rate': 2.34375e-05, 'epoch': 531.25}
{'loss': 0.1152, 'learning_rate': 2.333984375e-05, 'epoch': 533.2}
{'loss': 0.1103, 'learning_rate': 2.32421875e-05, 'epoch': 535.16}
{'loss': 0.1182, 'learning_rate': 2.3144531250000002e-05, 'epoch': 537.11}
{'loss': 0.1111, 'learning_rate': 2.3046875e-05, 'epoch': 539.06}
{'loss': 0.1131, 'learning_rate': 2.294921875e-05, 'epoch': 541.02}
{'loss': 0.1122, 'learning_rate': 2.28515625e-05, 'epoch': 542.97}
{'loss': 0.1168, 'learning_rate': 2.275390625e-05, 'epoch': 544.92}
{'loss': 0.1111, 'learning_rate': 2.2656250000000002e-05, 'epoch': 546.88}
{'loss': 0.1161, 'learning_rate': 2.2558593750000002e-05, 'epoch': 548.83}
{'loss': 0.1163, 'learning_rate': 2.24609375e-05, 'epoch': 550.78}
{'loss': 0.1181, 'learning_rate': 2.236328125e-05, 'epoch': 552.73}
{'loss': 0.1107, 'learning_rate': 2.2265625e-05, 'epoch': 554.69}
{'loss': 0.1142, 'learning_rate': 2.216796875e-05, 'epoch': 556.64}
{'loss': 0.1059, 'learning_rate': 2.2070312500000002e-05, 'epoch': 558.59}
{'loss': 0.1121, 'learning_rate': 2.1972656250000003e-05, 'epoch': 560.55}
{'loss': 0.1094, 'learning_rate': 2.1875e-05, 'epoch': 562.5}
{'loss': 0.1117, 'learning_rate': 2.177734375e-05, 'epoch': 564.45}
{'loss': 0.1189, 'learning_rate': 2.16796875e-05, 'epoch': 566.41}
{'loss': 0.1148, 'learning_rate': 2.158203125e-05, 'epoch': 568.36}
{'loss': 0.111, 'learning_rate': 2.1484375000000002e-05, 'epoch': 570.31}
{'loss': 0.1152, 'learning_rate': 2.138671875e-05, 'epoch': 572.27}
{'loss': 0.1095, 'learning_rate': 2.12890625e-05, 'epoch': 574.22}
{'loss': 0.1178, 'learning_rate': 2.119140625e-05, 'epoch': 576.17}
{'loss': 0.1155, 'learning_rate': 2.109375e-05, 'epoch': 578.12}
{'loss': 0.1138, 'learning_rate': 2.0996093750000002e-05, 'epoch': 580.08}
{'loss': 0.1073, 'learning_rate': 2.0898437500000002e-05, 'epoch': 582.03}
{'loss': 0.1131, 'learning_rate': 2.080078125e-05, 'epoch': 583.98}
{'loss': 0.1091, 'learning_rate': 2.0703125e-05, 'epoch': 585.94}
{'loss': 0.1078, 'learning_rate': 2.060546875e-05, 'epoch': 587.89}
{'loss': 0.1072, 'learning_rate': 2.05078125e-05, 'epoch': 589.84}
{'loss': 0.1131, 'learning_rate': 2.0410156250000002e-05, 'epoch': 591.8}
{'loss': 0.1117, 'learning_rate': 2.0312500000000002e-05, 'epoch': 593.75}
{'loss': 0.1093, 'learning_rate': 2.021484375e-05, 'epoch': 595.7}
{'loss': 0.1087, 'learning_rate': 2.01171875e-05, 'epoch': 597.66}
{'loss': 0.1062, 'learning_rate': 2.001953125e-05, 'epoch': 599.61}
{'loss': 0.1077, 'learning_rate': 1.9921875e-05, 'epoch': 601.56}
{'loss': 0.1072, 'learning_rate': 1.9824218750000002e-05, 'epoch': 603.52}
{'loss': 0.1131, 'learning_rate': 1.9726562500000003e-05, 'epoch': 605.47}
{'loss': 0.1078, 'learning_rate': 1.962890625e-05, 'epoch': 607.42}
{'loss': 0.1075, 'learning_rate': 1.953125e-05, 'epoch': 609.38}
{'loss': 0.1074, 'learning_rate': 1.943359375e-05, 'epoch': 611.33}
{'loss': 0.1079, 'learning_rate': 1.93359375e-05, 'epoch': 613.28}
{'loss': 0.1072, 'learning_rate': 1.9238281250000002e-05, 'epoch': 615.23}
{'loss': 0.1032, 'learning_rate': 1.9140625e-05, 'epoch': 617.19}
{'loss': 0.1115, 'learning_rate': 1.904296875e-05, 'epoch': 619.14}
{'loss': 0.1105, 'learning_rate': 1.89453125e-05, 'epoch': 621.09}
{'loss': 0.1073, 'learning_rate': 1.884765625e-05, 'epoch': 623.05}
{'loss': 0.1055, 'learning_rate': 1.8750000000000002e-05, 'epoch': 625.0}
{'loss': 0.1063, 'learning_rate': 1.8652343750000002e-05, 'epoch': 626.95}
{'loss': 0.1061, 'learning_rate': 1.85546875e-05, 'epoch': 628.91}
{'loss': 0.1069, 'learning_rate': 1.845703125e-05, 'epoch': 630.86}
{'loss': 0.1057, 'learning_rate': 1.8359375e-05, 'epoch': 632.81}
{'loss': 0.107, 'learning_rate': 1.826171875e-05, 'epoch': 634.77}
{'loss': 0.1118, 'learning_rate': 1.8164062500000002e-05, 'epoch': 636.72}
{'loss': 0.1116, 'learning_rate': 1.8066406250000002e-05, 'epoch': 638.67}
{'loss': 0.1117, 'learning_rate': 1.796875e-05, 'epoch': 640.62}
{'loss': 0.1095, 'learning_rate': 1.787109375e-05, 'epoch': 642.58}
{'loss': 0.1089, 'learning_rate': 1.77734375e-05, 'epoch': 644.53}
{'loss': 0.1034, 'learning_rate': 1.767578125e-05, 'epoch': 646.48}
{'loss': 0.1061, 'learning_rate': 1.7578125000000002e-05, 'epoch': 648.44}
{'loss': 0.1162, 'learning_rate': 1.748046875e-05, 'epoch': 650.39}
{'loss': 0.1035, 'learning_rate': 1.73828125e-05, 'epoch': 652.34}
{'loss': 0.1073, 'learning_rate': 1.728515625e-05, 'epoch': 654.3}
{'loss': 0.1127, 'learning_rate': 1.71875e-05, 'epoch': 656.25}
{'loss': 0.1026, 'learning_rate': 1.708984375e-05, 'epoch': 658.2}
{'loss': 0.1154, 'learning_rate': 1.6992187500000002e-05, 'epoch': 660.16}
{'loss': 0.1015, 'learning_rate': 1.689453125e-05, 'epoch': 662.11}
{'loss': 0.1103, 'learning_rate': 1.6796875e-05, 'epoch': 664.06}
{'loss': 0.1176, 'learning_rate': 1.669921875e-05, 'epoch': 666.02}
{'loss': 0.1053, 'learning_rate': 1.66015625e-05, 'epoch': 667.97}
{'loss': 0.1063, 'learning_rate': 1.6503906250000002e-05, 'epoch': 669.92}
{'loss': 0.106, 'learning_rate': 1.6406250000000002e-05, 'epoch': 671.88}
{'loss': 0.1051, 'learning_rate': 1.630859375e-05, 'epoch': 673.83}
{'loss': 0.1108, 'learning_rate': 1.62109375e-05, 'epoch': 675.78}
{'loss': 0.1133, 'learning_rate': 1.611328125e-05, 'epoch': 677.73}
{'loss': 0.1017, 'learning_rate': 1.6015625e-05, 'epoch': 679.69}
{'loss': 0.1059, 'learning_rate': 1.5917968750000002e-05, 'epoch': 681.64}
{'loss': 0.1019, 'learning_rate': 1.58203125e-05, 'epoch': 683.59}
{'loss': 0.1033, 'learning_rate': 1.572265625e-05, 'epoch': 685.55}
{'loss': 0.1082, 'learning_rate': 1.5625e-05, 'epoch': 687.5}
{'loss': 0.1037, 'learning_rate': 1.552734375e-05, 'epoch': 689.45}
{'loss': 0.1035, 'learning_rate': 1.54296875e-05, 'epoch': 691.41}
                                                            
{'loss': 0.105, 'learning_rate': 1.5332031250000002e-05, 'epoch': 693.36}
{'loss': 0.1026, 'learning_rate': 1.5234375000000001e-05, 'epoch': 695.31}
{'loss': 0.1032, 'learning_rate': 1.513671875e-05, 'epoch': 697.27}
{'loss': 0.0988, 'learning_rate': 1.50390625e-05, 'epoch': 699.22}
{'loss': 0.1047, 'learning_rate': 1.4941406250000001e-05, 'epoch': 701.17}
{'loss': 0.1079, 'learning_rate': 1.484375e-05, 'epoch': 703.12}
{'loss': 0.1066, 'learning_rate': 1.474609375e-05, 'epoch': 705.08}
{'loss': 0.102, 'learning_rate': 1.4648437500000001e-05, 'epoch': 707.03}
{'loss': 0.0985, 'learning_rate': 1.455078125e-05, 'epoch': 708.98}
{'loss': 0.106, 'learning_rate': 1.4453125e-05, 'epoch': 710.94}
{'loss': 0.1049, 'learning_rate': 1.4355468750000001e-05, 'epoch': 712.89}
{'loss': 0.1017, 'learning_rate': 1.42578125e-05, 'epoch': 714.84}
{'loss': 0.1061, 'learning_rate': 1.416015625e-05, 'epoch': 716.8}
{'loss': 0.0995, 'learning_rate': 1.4062500000000001e-05, 'epoch': 718.75}
{'loss': 0.0987, 'learning_rate': 1.396484375e-05, 'epoch': 720.7}
{'loss': 0.1012, 'learning_rate': 1.38671875e-05, 'epoch': 722.66}
{'loss': 0.1004, 'learning_rate': 1.3769531250000001e-05, 'epoch': 724.61}
{'loss': 0.1025, 'learning_rate': 1.3671875e-05, 'epoch': 726.56}
{'loss': 0.1054, 'learning_rate': 1.3574218750000001e-05, 'epoch': 728.52}
{'loss': 0.1034, 'learning_rate': 1.3476562500000001e-05, 'epoch': 730.47}
{'loss': 0.0971, 'learning_rate': 1.337890625e-05, 'epoch': 732.42}
{'loss': 0.1006, 'learning_rate': 1.3281250000000001e-05, 'epoch': 734.38}
{'loss': 0.1009, 'learning_rate': 1.318359375e-05, 'epoch': 736.33}
{'loss': 0.103, 'learning_rate': 1.30859375e-05, 'epoch': 738.28}
{'loss': 0.1046, 'learning_rate': 1.2988281250000001e-05, 'epoch': 740.23}
{'loss': 0.1079, 'learning_rate': 1.2890625e-05, 'epoch': 742.19}
{'loss': 0.1015, 'learning_rate': 1.279296875e-05, 'epoch': 744.14}
{'loss': 0.1008, 'learning_rate': 1.2695312500000001e-05, 'epoch': 746.09}
{'loss': 0.1049, 'learning_rate': 1.259765625e-05, 'epoch': 748.05}
{'loss': 0.098, 'learning_rate': 1.25e-05, 'epoch': 750.0}
{'loss': 0.1004, 'learning_rate': 1.2402343750000001e-05, 'epoch': 751.95}
{'loss': 0.0971, 'learning_rate': 1.23046875e-05, 'epoch': 753.91}
{'loss': 0.0989, 'learning_rate': 1.220703125e-05, 'epoch': 755.86}
{'loss': 0.0992, 'learning_rate': 1.2109375000000001e-05, 'epoch': 757.81}
{'loss': 0.1091, 'learning_rate': 1.201171875e-05, 'epoch': 759.77}
{'loss': 0.0979, 'learning_rate': 1.19140625e-05, 'epoch': 761.72}
{'loss': 0.1042, 'learning_rate': 1.1816406250000001e-05, 'epoch': 763.67}
{'loss': 0.1199, 'learning_rate': 1.171875e-05, 'epoch': 765.62}
{'loss': 0.0986, 'learning_rate': 1.162109375e-05, 'epoch': 767.58}
{'loss': 0.1022, 'learning_rate': 1.15234375e-05, 'epoch': 769.53}
{'loss': 0.1071, 'learning_rate': 1.142578125e-05, 'epoch': 771.48}
{'loss': 0.0999, 'learning_rate': 1.1328125000000001e-05, 'epoch': 773.44}
{'loss': 0.1018, 'learning_rate': 1.123046875e-05, 'epoch': 775.39}
{'loss': 0.0987, 'learning_rate': 1.11328125e-05, 'epoch': 777.34}
{'loss': 0.1056, 'learning_rate': 1.1035156250000001e-05, 'epoch': 779.3}
{'loss': 0.1014, 'learning_rate': 1.09375e-05, 'epoch': 781.25}
{'loss': 0.0991, 'learning_rate': 1.083984375e-05, 'epoch': 783.2}
{'loss': 0.0981, 'learning_rate': 1.0742187500000001e-05, 'epoch': 785.16}
{'loss': 0.0997, 'learning_rate': 1.064453125e-05, 'epoch': 787.11}
{'loss': 0.0974, 'learning_rate': 1.0546875e-05, 'epoch': 789.06}
{'loss': 0.099, 'learning_rate': 1.0449218750000001e-05, 'epoch': 791.02}
{'loss': 0.0965, 'learning_rate': 1.03515625e-05, 'epoch': 792.97}
{'loss': 0.0997, 'learning_rate': 1.025390625e-05, 'epoch': 794.92}
{'loss': 0.0999, 'learning_rate': 1.0156250000000001e-05, 'epoch': 796.88}
{'loss': 0.1007, 'learning_rate': 1.005859375e-05, 'epoch': 798.83}
{'loss': 0.0959, 'learning_rate': 9.9609375e-06, 'epoch': 800.78}
{'loss': 0.0984, 'learning_rate': 9.863281250000001e-06, 'epoch': 802.73}
{'loss': 0.1021, 'learning_rate': 9.765625e-06, 'epoch': 804.69}
{'loss': 0.1, 'learning_rate': 9.66796875e-06, 'epoch': 806.64}
{'loss': 0.0993, 'learning_rate': 9.5703125e-06, 'epoch': 808.59}
{'loss': 0.0971, 'learning_rate': 9.47265625e-06, 'epoch': 810.55}
{'loss': 0.0996, 'learning_rate': 9.375000000000001e-06, 'epoch': 812.5}
{'loss': 0.0966, 'learning_rate': 9.27734375e-06, 'epoch': 814.45}
{'loss': 0.0976, 'learning_rate': 9.1796875e-06, 'epoch': 816.41}
{'loss': 0.0979, 'learning_rate': 9.082031250000001e-06, 'epoch': 818.36}
{'loss': 0.1117, 'learning_rate': 8.984375e-06, 'epoch': 820.31}
{'loss': 0.0973, 'learning_rate': 8.88671875e-06, 'epoch': 822.27}
{'loss': 0.0965, 'learning_rate': 8.789062500000001e-06, 'epoch': 824.22}
{'loss': 0.096, 'learning_rate': 8.69140625e-06, 'epoch': 826.17}
{'loss': 0.1015, 'learning_rate': 8.59375e-06, 'epoch': 828.12}
{'loss': 0.0981, 'learning_rate': 8.496093750000001e-06, 'epoch': 830.08}
{'loss': 0.0959, 'learning_rate': 8.3984375e-06, 'epoch': 832.03}
{'loss': 0.0993, 'learning_rate': 8.30078125e-06, 'epoch': 833.98}
{'loss': 0.0978, 'learning_rate': 8.203125000000001e-06, 'epoch': 835.94}
{'loss': 0.095, 'learning_rate': 8.10546875e-06, 'epoch': 837.89}
{'loss': 0.1177, 'learning_rate': 8.0078125e-06, 'epoch': 839.84}
{'loss': 0.0986, 'learning_rate': 7.91015625e-06, 'epoch': 841.8}
{'loss': 0.0981, 'learning_rate': 7.8125e-06, 'epoch': 843.75}
{'loss': 0.0944, 'learning_rate': 7.71484375e-06, 'epoch': 845.7}
{'loss': 0.0965, 'learning_rate': 7.6171875000000005e-06, 'epoch': 847.66}
{'loss': 0.0933, 'learning_rate': 7.51953125e-06, 'epoch': 849.61}
{'loss': 0.0996, 'learning_rate': 7.421875e-06, 'epoch': 851.56}
{'loss': 0.0956, 'learning_rate': 7.3242187500000006e-06, 'epoch': 853.52}
{'loss': 0.0952, 'learning_rate': 7.2265625e-06, 'epoch': 855.47}
{'loss': 0.1022, 'learning_rate': 7.12890625e-06, 'epoch': 857.42}
{'loss': 0.0977, 'learning_rate': 7.031250000000001e-06, 'epoch': 859.38}
{'loss': 0.0939, 'learning_rate': 6.93359375e-06, 'epoch': 861.33}
{'loss': 0.1045, 'learning_rate': 6.8359375e-06, 'epoch': 863.28}
{'loss': 0.0953, 'learning_rate': 6.738281250000001e-06, 'epoch': 865.23}
{'loss': 0.101, 'learning_rate': 6.6406250000000005e-06, 'epoch': 867.19}
{'loss': 0.0952, 'learning_rate': 6.54296875e-06, 'epoch': 869.14}
{'loss': 0.0991, 'learning_rate': 6.4453125e-06, 'epoch': 871.09}
{'loss': 0.0976, 'learning_rate': 6.3476562500000006e-06, 'epoch': 873.05}
{'loss': 0.0959, 'learning_rate': 6.25e-06, 'epoch': 875.0}
{'loss': 0.098, 'learning_rate': 6.15234375e-06, 'epoch': 876.95}
{'loss': 0.0949, 'learning_rate': 6.054687500000001e-06, 'epoch': 878.91}
{'loss': 0.0938, 'learning_rate': 5.95703125e-06, 'epoch': 880.86}
{'loss': 0.0956, 'learning_rate': 5.859375e-06, 'epoch': 882.81}
{'loss': 0.0961, 'learning_rate': 5.76171875e-06, 'epoch': 884.77}
{'loss': 0.1053, 'learning_rate': 5.6640625000000005e-06, 'epoch': 886.72}
{'loss': 0.0977, 'learning_rate': 5.56640625e-06, 'epoch': 888.67}
{'loss': 0.0994, 'learning_rate': 5.46875e-06, 'epoch': 890.62}
{'loss': 0.0977, 'learning_rate': 5.3710937500000005e-06, 'epoch': 892.58}
{'loss': 0.0927, 'learning_rate': 5.2734375e-06, 'epoch': 894.53}
{'loss': 0.0945, 'learning_rate': 5.17578125e-06, 'epoch': 896.48}
{'loss': 0.102, 'learning_rate': 5.078125000000001e-06, 'epoch': 898.44}
{'loss': 0.1004, 'learning_rate': 4.98046875e-06, 'epoch': 900.39}
{'loss': 0.0925, 'learning_rate': 4.8828125e-06, 'epoch': 902.34}
{'loss': 0.0961, 'learning_rate': 4.78515625e-06, 'epoch': 904.3}
{'loss': 0.0968, 'learning_rate': 4.6875000000000004e-06, 'epoch': 906.25}
{'loss': 0.0972, 'learning_rate': 4.58984375e-06, 'epoch': 908.2}
{'loss': 0.0935, 'learning_rate': 4.4921875e-06, 'epoch': 910.16}
{'loss': 0.0954, 'learning_rate': 4.3945312500000005e-06, 'epoch': 912.11}
{'loss': 0.0949, 'learning_rate': 4.296875e-06, 'epoch': 914.06}
{'loss': 0.0985, 'learning_rate': 4.19921875e-06, 'epoch': 916.02}
{'loss': 0.0946, 'learning_rate': 4.101562500000001e-06, 'epoch': 917.97}
{'loss': 0.0957, 'learning_rate': 4.00390625e-06, 'epoch': 919.92}
{'loss': 0.1146, 'learning_rate': 3.90625e-06, 'epoch': 921.88}

{'loss': 0.0949, 'learning_rate': 3.8085937500000002e-06, 'epoch': 923.83}
{'loss': 0.0985, 'learning_rate': 3.7109375e-06, 'epoch': 925.78}
{'loss': 0.0971, 'learning_rate': 3.61328125e-06, 'epoch': 927.73}
{'loss': 0.0992, 'learning_rate': 3.5156250000000003e-06, 'epoch': 929.69}
{'loss': 0.1042, 'learning_rate': 3.41796875e-06, 'epoch': 931.64}
{'loss': 0.0948, 'learning_rate': 3.3203125000000002e-06, 'epoch': 933.59}
{'loss': 0.0966, 'learning_rate': 3.22265625e-06, 'epoch': 935.55}
{'loss': 0.0994, 'learning_rate': 3.125e-06, 'epoch': 937.5}
{'loss': 0.0934, 'learning_rate': 3.0273437500000003e-06, 'epoch': 939.45}
{'loss': 0.0974, 'learning_rate': 2.9296875e-06, 'epoch': 941.41}
{'loss': 0.0994, 'learning_rate': 2.8320312500000002e-06, 'epoch': 943.36}
{'loss': 0.0945, 'learning_rate': 2.734375e-06, 'epoch': 945.31}
{'loss': 0.0937, 'learning_rate': 2.63671875e-06, 'epoch': 947.27}
{'loss': 0.0959, 'learning_rate': 2.5390625000000003e-06, 'epoch': 949.22}
{'loss': 0.1029, 'learning_rate': 2.44140625e-06, 'epoch': 951.17}
{'loss': 0.1011, 'learning_rate': 2.3437500000000002e-06, 'epoch': 953.12}
{'loss': 0.0954, 'learning_rate': 2.24609375e-06, 'epoch': 955.08}
{'loss': 0.099, 'learning_rate': 2.1484375e-06, 'epoch': 957.03}
{'loss': 0.0925, 'learning_rate': 2.0507812500000003e-06, 'epoch': 958.98}
{'loss': 0.0942, 'learning_rate': 1.953125e-06, 'epoch': 960.94}
{'loss': 0.0937, 'learning_rate': 1.85546875e-06, 'epoch': 962.89}
{'loss': 0.095, 'learning_rate': 1.7578125000000002e-06, 'epoch': 964.84}
{'loss': 0.0969, 'learning_rate': 1.6601562500000001e-06, 'epoch': 966.8}
{'loss': 0.0957, 'learning_rate': 1.5625e-06, 'epoch': 968.75}
{'loss': 0.0987, 'learning_rate': 1.46484375e-06, 'epoch': 970.7}
{'loss': 0.0911, 'learning_rate': 1.3671875e-06, 'epoch': 972.66}
{'loss': 0.0969, 'learning_rate': 1.2695312500000002e-06, 'epoch': 974.61}
{'loss': 0.0918, 'learning_rate': 1.1718750000000001e-06, 'epoch': 976.56}
{'loss': 0.0955, 'learning_rate': 1.07421875e-06, 'epoch': 978.52}
{'loss': 0.0915, 'learning_rate': 9.765625e-07, 'epoch': 980.47}
{'loss': 0.0944, 'learning_rate': 8.789062500000001e-07, 'epoch': 982.42}
{'loss': 0.0924, 'learning_rate': 7.8125e-07, 'epoch': 984.38}
{'loss': 0.0957, 'learning_rate': 6.8359375e-07, 'epoch': 986.33}
{'loss': 0.0945, 'learning_rate': 5.859375000000001e-07, 'epoch': 988.28}
{'loss': 0.0936, 'learning_rate': 4.8828125e-07, 'epoch': 990.23}
{'loss': 0.0969, 'learning_rate': 3.90625e-07, 'epoch': 992.19}
{'loss': 0.0976, 'learning_rate': 2.9296875000000003e-07, 'epoch': 994.14}
{'loss': 0.0927, 'learning_rate': 1.953125e-07, 'epoch': 996.09}
{'loss': 0.0973, 'learning_rate': 9.765625e-08, 'epoch': 998.05}
{'loss': 0.0919, 'learning_rate': 0.0, 'epoch': 1000.0}
{'train_runtime': 50874.9212, 'train_samples_per_second': 20.069, 'train_steps_per_second': 5.032, 'train_loss': 0.1718094088435173, 'epoch': 1000.0}
wandb: Waiting for W&B process to finish... (success).
wandb: 
wandb: Run history:
wandb:                    train/epoch ▁▁▁▁▂▂▂▂▂▃▃▃▃▃▃▄▄▄▄▄▅▅▅▅▅▅▆▆▆▆▆▇▇▇▇▇▇███
wandb:              train/global_step ▁▁▁▁▂▂▂▂▂▃▃▃▃▃▃▄▄▄▄▄▅▅▅▅▅▅▆▆▆▆▆▇▇▇▇▇▇███
wandb:            train/learning_rate ████▇▇▇▇▇▆▆▆▆▆▆▅▅▅▅▅▄▄▄▄▄▄▃▃▃▃▃▂▂▂▂▂▂▁▁▁
wandb:                     train/loss █▆▄▃▂▂▂▂▂▂▂▂▂▁▁▁▁▁▁▁▁▁▁▁▁▁▁▁▁▁▁▁▁▁▁▁▁▁▁▁
wandb:               train/total_flos ▁
wandb:               train/train_loss ▁
wandb:            train/train_runtime ▁
wandb: train/train_samples_per_second ▁
wandb:   train/train_steps_per_second ▁
wandb: 
wandb: Run summary:
wandb:                    train/epoch 1000.0
wandb:              train/global_step 256000
wandb:            train/learning_rate 0.0
wandb:                     train/loss 0.0919
wandb:               train/total_flos 1.0735559730266112e+19
wandb:               train/train_loss 0.17181
wandb:            train/train_runtime 50874.9212
wandb: train/train_samples_per_second 20.069
wandb:   train/train_steps_per_second 5.032
wandb: 
wandb: 🚀 View run youthful-haze-1 at: https://wandb.ai/pappol/low_power_segmentation2/runs/kvd47lrh
wandb: ️⚡ View job at https://wandb.ai/pappol/low_power_segmentation2/jobs/QXJ0aWZhY3RDb2xsZWN0aW9uOjk0MjU2MDMx/version_details/v0
wandb: Synced 6 W&B file(s), 0 media file(s), 2 artifact file(s) and 0 other file(s)
wandb: Find logs at: ./wandb/run-20230831_161044-kvd47lrh/logs
